[2020-05-26 16:18:59,680] SEVERE {b7a.log.crash} - null 
java.lang.NullPointerException
	at org.wso2.ballerinalang.compiler.desugar.Desugar.desugarObjectTypeInit(Desugar.java:3738)
	at org.wso2.ballerinalang.compiler.desugar.Desugar.visit(Desugar.java:3724)
	at org.wso2.ballerinalang.compiler.tree.expressions.BLangTypeInit.accept(BLangTypeInit.java:62)
	at org.wso2.ballerinalang.compiler.desugar.Desugar.rewriteExpr(Desugar.java:4989)
	at org.wso2.ballerinalang.compiler.desugar.Desugar.visit(Desugar.java:1152)
	at org.wso2.ballerinalang.compiler.tree.BLangSimpleVariable.accept(BLangSimpleVariable.java:53)
	at org.wso2.ballerinalang.compiler.desugar.Desugar.rewrite(Desugar.java:4964)
	at org.wso2.ballerinalang.compiler.desugar.Desugar.visit(Desugar.java:1213)
	at org.wso2.ballerinalang.compiler.tree.statements.BLangSimpleVariableDef.accept(BLangSimpleVariableDef.java:46)
	at org.wso2.ballerinalang.compiler.desugar.Desugar.rewrite(Desugar.java:4964)
	at org.wso2.ballerinalang.compiler.desugar.Desugar.rewrite(Desugar.java:5005)
	at org.wso2.ballerinalang.compiler.desugar.Desugar.rewriteStmt(Desugar.java:5015)
	at org.wso2.ballerinalang.compiler.desugar.Desugar.visit(Desugar.java:892)
	at org.wso2.ballerinalang.compiler.tree.BLangBlockFunctionBody.accept(BLangBlockFunctionBody.java:57)
	at org.wso2.ballerinalang.compiler.desugar.Desugar.rewrite(Desugar.java:4964)
	at org.wso2.ballerinalang.compiler.desugar.Desugar.visit(Desugar.java:935)
	at org.wso2.ballerinalang.compiler.tree.BLangFunction.accept(BLangFunction.java:73)
	at org.wso2.ballerinalang.compiler.desugar.Desugar.rewrite(Desugar.java:4964)
	at org.wso2.ballerinalang.compiler.desugar.Desugar.rewrite(Desugar.java:5022)
	at org.wso2.ballerinalang.compiler.desugar.Desugar.visit(Desugar.java:649)
	at org.wso2.ballerinalang.compiler.tree.BLangPackage.accept(BLangPackage.java:161)
	at org.wso2.ballerinalang.compiler.desugar.Desugar.rewrite(Desugar.java:4964)
	at org.wso2.ballerinalang.compiler.desugar.Desugar.perform(Desugar.java:358)
	at org.wso2.ballerinalang.compiler.CompilerDriver.desugar(CompilerDriver.java:298)
	at org.wso2.ballerinalang.compiler.CompilerDriver.compile(CompilerDriver.java:257)
	at org.wso2.ballerinalang.compiler.CompilerDriver.compilePackageSymbol(CompilerDriver.java:214)
	at org.wso2.ballerinalang.compiler.CompilerDriver.compilePackage(CompilerDriver.java:131)
	at org.wso2.ballerinalang.compiler.Compiler.compilePackages(Compiler.java:166)
	at org.wso2.ballerinalang.compiler.Compiler.compilePackages(Compiler.java:137)
	at org.ballerinalang.packerina.task.CompileTask.execute(CompileTask.java:65)
	at org.ballerinalang.packerina.TaskExecutor.executeTasks(TaskExecutor.java:38)
	at org.ballerinalang.packerina.cmd.BuildCommand.execute(BuildCommand.java:407)
	at java.util.Optional.ifPresent(Optional.java:159)
	at org.ballerinalang.tool.Main.main(Main.java:57)
 
[2020-05-26 16:30:55,380] SEVERE {b7a.log.crash} - null 
java.lang.NullPointerException
	at org.wso2.ballerinalang.compiler.desugar.Desugar.desugarObjectTypeInit(Desugar.java:3738)
	at org.wso2.ballerinalang.compiler.desugar.Desugar.visit(Desugar.java:3724)
	at org.wso2.ballerinalang.compiler.tree.expressions.BLangTypeInit.accept(BLangTypeInit.java:62)
	at org.wso2.ballerinalang.compiler.desugar.Desugar.rewriteExpr(Desugar.java:4989)
	at org.wso2.ballerinalang.compiler.desugar.Desugar.visit(Desugar.java:1152)
	at org.wso2.ballerinalang.compiler.tree.BLangSimpleVariable.accept(BLangSimpleVariable.java:53)
	at org.wso2.ballerinalang.compiler.desugar.Desugar.rewrite(Desugar.java:4964)
	at org.wso2.ballerinalang.compiler.desugar.Desugar.visit(Desugar.java:1213)
	at org.wso2.ballerinalang.compiler.tree.statements.BLangSimpleVariableDef.accept(BLangSimpleVariableDef.java:46)
	at org.wso2.ballerinalang.compiler.desugar.Desugar.rewrite(Desugar.java:4964)
	at org.wso2.ballerinalang.compiler.desugar.Desugar.rewrite(Desugar.java:5005)
	at org.wso2.ballerinalang.compiler.desugar.Desugar.rewriteStmt(Desugar.java:5015)
	at org.wso2.ballerinalang.compiler.desugar.Desugar.visit(Desugar.java:892)
	at org.wso2.ballerinalang.compiler.tree.BLangBlockFunctionBody.accept(BLangBlockFunctionBody.java:57)
	at org.wso2.ballerinalang.compiler.desugar.Desugar.rewrite(Desugar.java:4964)
	at org.wso2.ballerinalang.compiler.desugar.Desugar.visit(Desugar.java:935)
	at org.wso2.ballerinalang.compiler.tree.BLangFunction.accept(BLangFunction.java:73)
	at org.wso2.ballerinalang.compiler.desugar.Desugar.rewrite(Desugar.java:4964)
	at org.wso2.ballerinalang.compiler.desugar.Desugar.rewrite(Desugar.java:5022)
	at org.wso2.ballerinalang.compiler.desugar.Desugar.visit(Desugar.java:649)
	at org.wso2.ballerinalang.compiler.tree.BLangPackage.accept(BLangPackage.java:161)
	at org.wso2.ballerinalang.compiler.desugar.Desugar.rewrite(Desugar.java:4964)
	at org.wso2.ballerinalang.compiler.desugar.Desugar.perform(Desugar.java:358)
	at org.wso2.ballerinalang.compiler.CompilerDriver.desugar(CompilerDriver.java:298)
	at org.wso2.ballerinalang.compiler.CompilerDriver.compile(CompilerDriver.java:257)
	at org.wso2.ballerinalang.compiler.CompilerDriver.compilePackageSymbol(CompilerDriver.java:214)
	at org.wso2.ballerinalang.compiler.CompilerDriver.compilePackage(CompilerDriver.java:131)
	at org.wso2.ballerinalang.compiler.Compiler.compilePackages(Compiler.java:166)
	at org.wso2.ballerinalang.compiler.Compiler.compilePackages(Compiler.java:137)
	at org.ballerinalang.packerina.task.CompileTask.execute(CompileTask.java:65)
	at org.ballerinalang.packerina.TaskExecutor.executeTasks(TaskExecutor.java:38)
	at org.ballerinalang.packerina.cmd.BuildCommand.execute(BuildCommand.java:407)
	at java.util.Optional.ifPresent(Optional.java:159)
	at org.ballerinalang.tool.Main.main(Main.java:57)
 
[2020-05-26 16:31:55,622] SEVERE {b7a.log.crash} - null 
java.lang.NullPointerException
	at org.wso2.ballerinalang.compiler.desugar.Desugar.desugarObjectTypeInit(Desugar.java:3738)
	at org.wso2.ballerinalang.compiler.desugar.Desugar.visit(Desugar.java:3724)
	at org.wso2.ballerinalang.compiler.tree.expressions.BLangTypeInit.accept(BLangTypeInit.java:62)
	at org.wso2.ballerinalang.compiler.desugar.Desugar.rewriteExpr(Desugar.java:4989)
	at org.wso2.ballerinalang.compiler.desugar.Desugar.visit(Desugar.java:1152)
	at org.wso2.ballerinalang.compiler.tree.BLangSimpleVariable.accept(BLangSimpleVariable.java:53)
	at org.wso2.ballerinalang.compiler.desugar.Desugar.rewrite(Desugar.java:4964)
	at org.wso2.ballerinalang.compiler.desugar.Desugar.visit(Desugar.java:1213)
	at org.wso2.ballerinalang.compiler.tree.statements.BLangSimpleVariableDef.accept(BLangSimpleVariableDef.java:46)
	at org.wso2.ballerinalang.compiler.desugar.Desugar.rewrite(Desugar.java:4964)
	at org.wso2.ballerinalang.compiler.desugar.Desugar.rewrite(Desugar.java:5005)
	at org.wso2.ballerinalang.compiler.desugar.Desugar.rewriteStmt(Desugar.java:5015)
	at org.wso2.ballerinalang.compiler.desugar.Desugar.visit(Desugar.java:892)
	at org.wso2.ballerinalang.compiler.tree.BLangBlockFunctionBody.accept(BLangBlockFunctionBody.java:57)
	at org.wso2.ballerinalang.compiler.desugar.Desugar.rewrite(Desugar.java:4964)
	at org.wso2.ballerinalang.compiler.desugar.Desugar.visit(Desugar.java:935)
	at org.wso2.ballerinalang.compiler.tree.BLangFunction.accept(BLangFunction.java:73)
	at org.wso2.ballerinalang.compiler.desugar.Desugar.rewrite(Desugar.java:4964)
	at org.wso2.ballerinalang.compiler.desugar.Desugar.rewrite(Desugar.java:5022)
	at org.wso2.ballerinalang.compiler.desugar.Desugar.visit(Desugar.java:649)
	at org.wso2.ballerinalang.compiler.tree.BLangPackage.accept(BLangPackage.java:161)
	at org.wso2.ballerinalang.compiler.desugar.Desugar.rewrite(Desugar.java:4964)
	at org.wso2.ballerinalang.compiler.desugar.Desugar.perform(Desugar.java:358)
	at org.wso2.ballerinalang.compiler.CompilerDriver.desugar(CompilerDriver.java:298)
	at org.wso2.ballerinalang.compiler.CompilerDriver.compile(CompilerDriver.java:257)
	at org.wso2.ballerinalang.compiler.CompilerDriver.compilePackageSymbol(CompilerDriver.java:214)
	at org.wso2.ballerinalang.compiler.CompilerDriver.compilePackage(CompilerDriver.java:131)
	at org.wso2.ballerinalang.compiler.Compiler.compilePackages(Compiler.java:166)
	at org.wso2.ballerinalang.compiler.Compiler.compilePackages(Compiler.java:137)
	at org.ballerinalang.packerina.task.CompileTask.execute(CompileTask.java:65)
	at org.ballerinalang.packerina.TaskExecutor.executeTasks(TaskExecutor.java:38)
	at org.ballerinalang.packerina.cmd.BuildCommand.execute(BuildCommand.java:407)
	at java.util.Optional.ifPresent(Optional.java:159)
	at org.ballerinalang.tool.Main.main(Main.java:57)
 
[2020-05-26 16:32:22,941] SEVERE {b7a.log.crash} - null 
java.lang.NullPointerException
	at org.wso2.ballerinalang.compiler.desugar.Desugar.desugarObjectTypeInit(Desugar.java:3738)
	at org.wso2.ballerinalang.compiler.desugar.Desugar.visit(Desugar.java:3724)
	at org.wso2.ballerinalang.compiler.tree.expressions.BLangTypeInit.accept(BLangTypeInit.java:62)
	at org.wso2.ballerinalang.compiler.desugar.Desugar.rewriteExpr(Desugar.java:4989)
	at org.wso2.ballerinalang.compiler.desugar.Desugar.visit(Desugar.java:1152)
	at org.wso2.ballerinalang.compiler.tree.BLangSimpleVariable.accept(BLangSimpleVariable.java:53)
	at org.wso2.ballerinalang.compiler.desugar.Desugar.rewrite(Desugar.java:4964)
	at org.wso2.ballerinalang.compiler.desugar.Desugar.visit(Desugar.java:1213)
	at org.wso2.ballerinalang.compiler.tree.statements.BLangSimpleVariableDef.accept(BLangSimpleVariableDef.java:46)
	at org.wso2.ballerinalang.compiler.desugar.Desugar.rewrite(Desugar.java:4964)
	at org.wso2.ballerinalang.compiler.desugar.Desugar.rewrite(Desugar.java:5005)
	at org.wso2.ballerinalang.compiler.desugar.Desugar.rewriteStmt(Desugar.java:5015)
	at org.wso2.ballerinalang.compiler.desugar.Desugar.visit(Desugar.java:892)
	at org.wso2.ballerinalang.compiler.tree.BLangBlockFunctionBody.accept(BLangBlockFunctionBody.java:57)
	at org.wso2.ballerinalang.compiler.desugar.Desugar.rewrite(Desugar.java:4964)
	at org.wso2.ballerinalang.compiler.desugar.Desugar.visit(Desugar.java:935)
	at org.wso2.ballerinalang.compiler.tree.BLangFunction.accept(BLangFunction.java:73)
	at org.wso2.ballerinalang.compiler.desugar.Desugar.rewrite(Desugar.java:4964)
	at org.wso2.ballerinalang.compiler.desugar.Desugar.rewrite(Desugar.java:5022)
	at org.wso2.ballerinalang.compiler.desugar.Desugar.visit(Desugar.java:649)
	at org.wso2.ballerinalang.compiler.tree.BLangPackage.accept(BLangPackage.java:161)
	at org.wso2.ballerinalang.compiler.desugar.Desugar.rewrite(Desugar.java:4964)
	at org.wso2.ballerinalang.compiler.desugar.Desugar.perform(Desugar.java:358)
	at org.wso2.ballerinalang.compiler.CompilerDriver.desugar(CompilerDriver.java:298)
	at org.wso2.ballerinalang.compiler.CompilerDriver.compile(CompilerDriver.java:257)
	at org.wso2.ballerinalang.compiler.CompilerDriver.compilePackageSymbol(CompilerDriver.java:214)
	at org.wso2.ballerinalang.compiler.CompilerDriver.compilePackage(CompilerDriver.java:131)
	at org.wso2.ballerinalang.compiler.Compiler.compilePackages(Compiler.java:166)
	at org.wso2.ballerinalang.compiler.Compiler.compilePackages(Compiler.java:137)
	at org.ballerinalang.packerina.task.CompileTask.execute(CompileTask.java:65)
	at org.ballerinalang.packerina.TaskExecutor.executeTasks(TaskExecutor.java:38)
	at org.ballerinalang.packerina.cmd.BuildCommand.execute(BuildCommand.java:407)
	at java.util.Optional.ifPresent(Optional.java:159)
	at org.ballerinalang.tool.Main.main(Main.java:57)
 
[2020-05-26 16:35:25,080] SEVERE {b7a.log.crash} - null 
java.lang.NullPointerException
	at org.wso2.ballerinalang.compiler.desugar.Desugar.desugarObjectTypeInit(Desugar.java:3738)
	at org.wso2.ballerinalang.compiler.desugar.Desugar.visit(Desugar.java:3724)
	at org.wso2.ballerinalang.compiler.tree.expressions.BLangTypeInit.accept(BLangTypeInit.java:62)
	at org.wso2.ballerinalang.compiler.desugar.Desugar.rewriteExpr(Desugar.java:4989)
	at org.wso2.ballerinalang.compiler.desugar.Desugar.visit(Desugar.java:1152)
	at org.wso2.ballerinalang.compiler.tree.BLangSimpleVariable.accept(BLangSimpleVariable.java:53)
	at org.wso2.ballerinalang.compiler.desugar.Desugar.rewrite(Desugar.java:4964)
	at org.wso2.ballerinalang.compiler.desugar.Desugar.visit(Desugar.java:1213)
	at org.wso2.ballerinalang.compiler.tree.statements.BLangSimpleVariableDef.accept(BLangSimpleVariableDef.java:46)
	at org.wso2.ballerinalang.compiler.desugar.Desugar.rewrite(Desugar.java:4964)
	at org.wso2.ballerinalang.compiler.desugar.Desugar.rewrite(Desugar.java:5005)
	at org.wso2.ballerinalang.compiler.desugar.Desugar.rewriteStmt(Desugar.java:5015)
	at org.wso2.ballerinalang.compiler.desugar.Desugar.visit(Desugar.java:892)
	at org.wso2.ballerinalang.compiler.tree.BLangBlockFunctionBody.accept(BLangBlockFunctionBody.java:57)
	at org.wso2.ballerinalang.compiler.desugar.Desugar.rewrite(Desugar.java:4964)
	at org.wso2.ballerinalang.compiler.desugar.Desugar.visit(Desugar.java:935)
	at org.wso2.ballerinalang.compiler.tree.BLangFunction.accept(BLangFunction.java:73)
	at org.wso2.ballerinalang.compiler.desugar.Desugar.rewrite(Desugar.java:4964)
	at org.wso2.ballerinalang.compiler.desugar.Desugar.rewrite(Desugar.java:5022)
	at org.wso2.ballerinalang.compiler.desugar.Desugar.visit(Desugar.java:649)
	at org.wso2.ballerinalang.compiler.tree.BLangPackage.accept(BLangPackage.java:161)
	at org.wso2.ballerinalang.compiler.desugar.Desugar.rewrite(Desugar.java:4964)
	at org.wso2.ballerinalang.compiler.desugar.Desugar.perform(Desugar.java:358)
	at org.wso2.ballerinalang.compiler.CompilerDriver.desugar(CompilerDriver.java:298)
	at org.wso2.ballerinalang.compiler.CompilerDriver.compile(CompilerDriver.java:257)
	at org.wso2.ballerinalang.compiler.CompilerDriver.compilePackageSymbol(CompilerDriver.java:214)
	at org.wso2.ballerinalang.compiler.CompilerDriver.compilePackage(CompilerDriver.java:131)
	at org.wso2.ballerinalang.compiler.Compiler.compilePackages(Compiler.java:166)
	at org.wso2.ballerinalang.compiler.Compiler.compilePackages(Compiler.java:137)
	at org.ballerinalang.packerina.task.CompileTask.execute(CompileTask.java:65)
	at org.ballerinalang.packerina.TaskExecutor.executeTasks(TaskExecutor.java:38)
	at org.ballerinalang.packerina.cmd.BuildCommand.execute(BuildCommand.java:407)
	at java.util.Optional.ifPresent(Optional.java:159)
	at org.ballerinalang.tool.Main.main(Main.java:57)
 
